<?xml version="1.0" encoding="UTF-8"?>
<testng-results ignored="0" total="1" passed="1" failed="0" skipped="0">
  <reporter-output>
  </reporter-output>
  <suite started-at="2021-12-27T00:25:28 CST" name="Default suite" finished-at="2021-12-27T00:25:41 CST" duration-ms="13292">
    <groups>
    </groups>
    <test started-at="2021-12-27T00:25:28 CST" name="Default test" finished-at="2021-12-27T00:25:41 CST" duration-ms="13292">
      <class name="practice_selenium_01.Day_02">
        <test-method is-config="true" signature="setUp()[pri:0, instance:practice_selenium_01.Day_02@fa49800]" started-at="2021-12-27T00:25:28 CST" name="setUp" finished-at="2021-12-27T00:25:33 CST" duration-ms="4806" status="PASS">
          <reporter-output>
          </reporter-output>
        </test-method> <!-- setUp -->
        <test-method signature="urlTest()[pri:0, instance:practice_selenium_01.Day_02@fa49800]" started-at="2021-12-27T00:25:33 CST" name="urlTest" finished-at="2021-12-27T00:25:41 CST" duration-ms="8173" status="PASS">
          <reporter-output>
          </reporter-output>
        </test-method> <!-- urlTest -->
        <test-method is-config="true" signature="tearUp()[pri:0, instance:practice_selenium_01.Day_02@fa49800]" started-at="2021-12-27T00:25:41 CST" name="tearUp" finished-at="2021-12-27T00:25:41 CST" duration-ms="222" status="PASS">
          <reporter-output>
          </reporter-output>
        </test-method> <!-- tearUp -->
      </class> <!-- practice_selenium_01.Day_02 -->
    </test> <!-- Default test -->
  </suite> <!-- Default suite -->
</testng-results>
